2020-07-17 09:03:30.216 [main] DEBUG cn.hdj.mybatis.example.dao.StudentMapper.list - ==>  Preparing: select * from student
2020-07-17 09:03:30.238 [main] DEBUG cn.hdj.mybatis.example.dao.StudentMapper.list - ==> Parameters: 
2020-07-17 09:03:30.266 [main] DEBUG cn.hdj.mybatis.example.dao.StudentMapper.list - <==      Total: 6
2020-07-17 09:47:32.014 [main] DEBUG c.hdj.mybatis.example.dao.StudentMapper.addStudent - ==>  Preparing: INSERT INTO STUDENT (SNO,SNAME,SSEX,SBIRTHDAY,SCLASS) VALUES (?,?,?,?,?);
2020-07-17 09:47:32.055 [main] DEBUG c.hdj.mybatis.example.dao.StudentMapper.addStudent - ==> Parameters: 111(String), 张三(String), 男(String), 2020-07-17 09:47:31.927(Timestamp), 95033(String)
2020-07-17 09:47:32.056 [main] DEBUG c.hdj.mybatis.example.dao.StudentMapper.addStudent - <==    Updates: 1
2020-07-17 09:47:32.059 [main] DEBUG cn.hdj.mybatis.example.dao.StudentMapper.list - ==>  Preparing: select * from student
2020-07-17 09:47:32.059 [main] DEBUG cn.hdj.mybatis.example.dao.StudentMapper.list - ==> Parameters: 
2020-07-17 09:47:32.083 [main] DEBUG cn.hdj.mybatis.example.dao.StudentMapper.list - <==      Total: 7
2020-07-17 10:09:41.628 [main] DEBUG c.h.m.example.dao.StudentMapper.addStudentBatch - ==>  Preparing: INSERT INTO STUDENT (SNO,SNAME,SSEX,SBIRTHDAY,SCLASS) VALUES (?, ?, ?, ?,?) , (?, ?, ?, ?,?)
2020-07-17 10:09:41.665 [main] DEBUG c.h.m.example.dao.StudentMapper.addStudentBatch - ==> Parameters: 1112(String), 张三1112(String), 男(String), 2020-07-17 10:09:41.529(Timestamp), 95033(String), 1113(String), 张三1113(String), 男(String), 2020-07-17 10:09:41.529(Timestamp), 95033(String)
2020-07-17 10:12:00.645 [main] DEBUG c.h.m.example.dao.StudentMapper.addStudentBatch - ==>  Preparing: INSERT INTO STUDENT (SNO,SNAME,SSEX,SBIRTHDAY,SCLASS) VALUES (?, ?, ?, ?,?) , (?, ?, ?, ?,?)
2020-07-17 10:12:00.681 [main] DEBUG c.h.m.example.dao.StudentMapper.addStudentBatch - ==> Parameters: 112(String), 张三112(String), 男(String), 2020-07-17 10:12:00.546(Timestamp), 95033(String), 113(String), 张三113(String), 男(String), 2020-07-17 10:12:00.546(Timestamp), 95033(String)
2020-07-17 10:12:30.796 [main] DEBUG c.h.m.example.dao.StudentMapper.addStudentBatch - ==>  Preparing: INSERT INTO STUDENT (SNO,SNAME,SSEX,SBIRTHDAY,SCLASS) VALUES (?, ?, ?, ?,?) , (?, ?, ?, ?,?)
2020-07-17 10:12:30.832 [main] DEBUG c.h.m.example.dao.StudentMapper.addStudentBatch - ==> Parameters: 112(String), 小张(String), 男(String), 2020-07-17 10:12:30.7(Timestamp), 95033(String), 113(String), 小李(String), 男(String), 2020-07-17 10:12:30.7(Timestamp), 95033(String)
2020-07-17 10:12:30.834 [main] DEBUG c.h.m.example.dao.StudentMapper.addStudentBatch - <==    Updates: 2
2020-07-17 10:12:30.835 [main] DEBUG cn.hdj.mybatis.example.dao.StudentMapper.list - ==>  Preparing: select * from student
2020-07-17 10:12:30.836 [main] DEBUG cn.hdj.mybatis.example.dao.StudentMapper.list - ==> Parameters: 
2020-07-17 10:12:30.852 [main] DEBUG cn.hdj.mybatis.example.dao.StudentMapper.list - <==      Total: 8
2020-07-17 13:31:40.130 [main] DEBUG c.hdj.mybatis.example.dao.StudentMapper.addStudent - ==>  Preparing: INSERT INTO STUDENT (SNO,SNAME,SSEX,SBIRTHDAY,SCLASS) VALUES (?,?,?,?,?);
2020-07-17 13:31:40.171 [main] DEBUG c.hdj.mybatis.example.dao.StudentMapper.addStudent - ==> Parameters: 111(String), 张三(String), 男(String), 2020-07-17 13:31:40.048(Timestamp), 95033(String)
2020-07-17 13:31:40.173 [main] DEBUG c.hdj.mybatis.example.dao.StudentMapper.addStudent - <==    Updates: 1
2020-07-17 13:31:40.174 [main] DEBUG cn.hdj.mybatis.example.dao.StudentMapper.list - ==>  Preparing: select * from student
2020-07-17 13:31:40.175 [main] DEBUG cn.hdj.mybatis.example.dao.StudentMapper.list - ==> Parameters: 
2020-07-17 13:31:40.193 [main] DEBUG cn.hdj.mybatis.example.dao.StudentMapper.list - <==      Total: 9
2020-07-17 13:32:01.336 [main] DEBUG c.h.m.example.dao.StudentMapper.updateStudentById - ==>  Preparing: update STUDENT set SNAME = ?, SSEX = ?, SBIRTHDAY = ?, SCLASS = ? where SNO = ?
2020-07-17 13:32:01.371 [main] DEBUG c.h.m.example.dao.StudentMapper.updateStudentById - ==> Parameters: 123(String), 男(String), 2020-07-17 13:32:01.252(Timestamp), 95033(String), 111(String)
2020-07-17 13:32:01.373 [main] DEBUG c.h.m.example.dao.StudentMapper.updateStudentById - <==    Updates: 1
2020-07-17 13:32:01.376 [main] DEBUG cn.hdj.mybatis.example.dao.StudentMapper.list - ==>  Preparing: select * from student
2020-07-17 13:32:01.376 [main] DEBUG cn.hdj.mybatis.example.dao.StudentMapper.list - ==> Parameters: 
2020-07-17 13:32:01.397 [main] DEBUG cn.hdj.mybatis.example.dao.StudentMapper.list - <==      Total: 9
