2020-07-17 09:03:30.268 [main] INFO  cn.hdj.mybatis.MyBatisUseTest - [Student(sno=108, sname=曾华, ssex=男, sbirthday=Thu Sep 01 00:00:00 CST 1977, sclass=95033), Student(sno=105, sname=匡明, ssex=男, sbirthday=Thu Oct 02 00:00:00 CST 1975, sclass=95031), Student(sno=107, sname=王丽, ssex=女, sbirthday=Fri Jan 23 00:00:00 CST 1976, sclass=95033), Student(sno=101, sname=李军, ssex=男, sbirthday=Fri Feb 20 00:00:00 CST 1976, sclass=95033), Student(sno=109, sname=王芳, ssex=女, sbirthday=Mon Feb 10 00:00:00 CST 1975, sclass=95031), Student(sno=103, sname=陆君, ssex=男, sbirthday=Mon Jun 03 00:00:00 CST 1974, sclass=95031)]
2020-07-17 09:47:32.086 [main] INFO  cn.hdj.mybatis.MyBatisUseTest - Student(sno=108, sname=曾华, ssex=男, sbirthday=Thu Sep 01 00:00:00 CST 1977, sclass=95033)
2020-07-17 09:47:32.087 [main] INFO  cn.hdj.mybatis.MyBatisUseTest - Student(sno=105, sname=匡明, ssex=男, sbirthday=Thu Oct 02 00:00:00 CST 1975, sclass=95031)
2020-07-17 09:47:32.087 [main] INFO  cn.hdj.mybatis.MyBatisUseTest - Student(sno=107, sname=王丽, ssex=女, sbirthday=Fri Jan 23 00:00:00 CST 1976, sclass=95033)
2020-07-17 09:47:32.087 [main] INFO  cn.hdj.mybatis.MyBatisUseTest - Student(sno=101, sname=李军, ssex=男, sbirthday=Fri Feb 20 00:00:00 CST 1976, sclass=95033)
2020-07-17 09:47:32.087 [main] INFO  cn.hdj.mybatis.MyBatisUseTest - Student(sno=109, sname=王芳, ssex=女, sbirthday=Mon Feb 10 00:00:00 CST 1975, sclass=95031)
2020-07-17 09:47:32.087 [main] INFO  cn.hdj.mybatis.MyBatisUseTest - Student(sno=103, sname=陆君, ssex=男, sbirthday=Mon Jun 03 00:00:00 CST 1974, sclass=95031)
2020-07-17 09:47:32.087 [main] INFO  cn.hdj.mybatis.MyBatisUseTest - Student(sno=111, sname=张三, ssex=男, sbirthday=Fri Jul 17 09:47:31 CST 2020, sclass=95033)
2020-07-17 10:12:30.854 [main] INFO  cn.hdj.mybatis.MyBatisUseTest - Student(sno=108, sname=曾华, ssex=男, sbirthday=Thu Sep 01 00:00:00 CST 1977, sclass=95033)
2020-07-17 10:12:30.856 [main] INFO  cn.hdj.mybatis.MyBatisUseTest - Student(sno=105, sname=匡明, ssex=男, sbirthday=Thu Oct 02 00:00:00 CST 1975, sclass=95031)
2020-07-17 10:12:30.856 [main] INFO  cn.hdj.mybatis.MyBatisUseTest - Student(sno=107, sname=王丽, ssex=女, sbirthday=Fri Jan 23 00:00:00 CST 1976, sclass=95033)
2020-07-17 10:12:30.856 [main] INFO  cn.hdj.mybatis.MyBatisUseTest - Student(sno=101, sname=李军, ssex=男, sbirthday=Fri Feb 20 00:00:00 CST 1976, sclass=95033)
2020-07-17 10:12:30.856 [main] INFO  cn.hdj.mybatis.MyBatisUseTest - Student(sno=109, sname=王芳, ssex=女, sbirthday=Mon Feb 10 00:00:00 CST 1975, sclass=95031)
2020-07-17 10:12:30.856 [main] INFO  cn.hdj.mybatis.MyBatisUseTest - Student(sno=103, sname=陆君, ssex=男, sbirthday=Mon Jun 03 00:00:00 CST 1974, sclass=95031)
2020-07-17 10:12:30.856 [main] INFO  cn.hdj.mybatis.MyBatisUseTest - Student(sno=112, sname=小张, ssex=男, sbirthday=Fri Jul 17 10:12:30 CST 2020, sclass=95033)
2020-07-17 10:12:30.856 [main] INFO  cn.hdj.mybatis.MyBatisUseTest - Student(sno=113, sname=小李, ssex=男, sbirthday=Fri Jul 17 10:12:30 CST 2020, sclass=95033)
2020-07-17 13:31:40.196 [main] INFO  cn.hdj.mybatis.MyBatisUseTest - Student(sno=108, sname=曾华, ssex=男, sbirthday=Thu Sep 01 00:00:00 CST 1977, sclass=95033)
2020-07-17 13:31:40.198 [main] INFO  cn.hdj.mybatis.MyBatisUseTest - Student(sno=105, sname=匡明, ssex=男, sbirthday=Thu Oct 02 00:00:00 CST 1975, sclass=95031)
2020-07-17 13:31:40.198 [main] INFO  cn.hdj.mybatis.MyBatisUseTest - Student(sno=107, sname=王丽, ssex=女, sbirthday=Fri Jan 23 00:00:00 CST 1976, sclass=95033)
2020-07-17 13:31:40.198 [main] INFO  cn.hdj.mybatis.MyBatisUseTest - Student(sno=101, sname=李军, ssex=男, sbirthday=Fri Feb 20 00:00:00 CST 1976, sclass=95033)
2020-07-17 13:31:40.198 [main] INFO  cn.hdj.mybatis.MyBatisUseTest - Student(sno=109, sname=王芳, ssex=女, sbirthday=Mon Feb 10 00:00:00 CST 1975, sclass=95031)
2020-07-17 13:31:40.198 [main] INFO  cn.hdj.mybatis.MyBatisUseTest - Student(sno=103, sname=陆君, ssex=男, sbirthday=Mon Jun 03 00:00:00 CST 1974, sclass=95031)
2020-07-17 13:31:40.199 [main] INFO  cn.hdj.mybatis.MyBatisUseTest - Student(sno=112, sname=小张, ssex=男, sbirthday=Fri Jul 17 10:12:30 CST 2020, sclass=95033)
2020-07-17 13:31:40.199 [main] INFO  cn.hdj.mybatis.MyBatisUseTest - Student(sno=113, sname=小李, ssex=男, sbirthday=Fri Jul 17 10:12:30 CST 2020, sclass=95033)
2020-07-17 13:31:40.199 [main] INFO  cn.hdj.mybatis.MyBatisUseTest - Student(sno=111, sname=张三, ssex=男, sbirthday=Fri Jul 17 13:31:40 CST 2020, sclass=95033)
2020-07-17 13:32:01.373 [main] INFO  cn.hdj.mybatis.MyBatisUseTest - 1
2020-07-17 13:32:01.399 [main] INFO  cn.hdj.mybatis.MyBatisUseTest - Student(sno=108, sname=曾华, ssex=男, sbirthday=Thu Sep 01 00:00:00 CST 1977, sclass=95033)
2020-07-17 13:32:01.400 [main] INFO  cn.hdj.mybatis.MyBatisUseTest - Student(sno=105, sname=匡明, ssex=男, sbirthday=Thu Oct 02 00:00:00 CST 1975, sclass=95031)
2020-07-17 13:32:01.400 [main] INFO  cn.hdj.mybatis.MyBatisUseTest - Student(sno=107, sname=王丽, ssex=女, sbirthday=Fri Jan 23 00:00:00 CST 1976, sclass=95033)
2020-07-17 13:32:01.400 [main] INFO  cn.hdj.mybatis.MyBatisUseTest - Student(sno=101, sname=李军, ssex=男, sbirthday=Fri Feb 20 00:00:00 CST 1976, sclass=95033)
2020-07-17 13:32:01.400 [main] INFO  cn.hdj.mybatis.MyBatisUseTest - Student(sno=109, sname=王芳, ssex=女, sbirthday=Mon Feb 10 00:00:00 CST 1975, sclass=95031)
2020-07-17 13:32:01.400 [main] INFO  cn.hdj.mybatis.MyBatisUseTest - Student(sno=103, sname=陆君, ssex=男, sbirthday=Mon Jun 03 00:00:00 CST 1974, sclass=95031)
2020-07-17 13:32:01.400 [main] INFO  cn.hdj.mybatis.MyBatisUseTest - Student(sno=112, sname=小张, ssex=男, sbirthday=Fri Jul 17 10:12:30 CST 2020, sclass=95033)
2020-07-17 13:32:01.400 [main] INFO  cn.hdj.mybatis.MyBatisUseTest - Student(sno=113, sname=小李, ssex=男, sbirthday=Fri Jul 17 10:12:30 CST 2020, sclass=95033)
2020-07-17 13:32:01.400 [main] INFO  cn.hdj.mybatis.MyBatisUseTest - Student(sno=111, sname=123, ssex=男, sbirthday=Fri Jul 17 13:32:01 CST 2020, sclass=95033)
